<?xml version="1.0" encoding="UTF-8"?>
<!-- Generated by org.testng.reporters.JUnitXMLReporter -->
<testsuite ignored="1" hostname="SenthilPasupala" failures="0" tests="2" name="Test" time="7.776" errors="0" timestamp="2024-11-12T13:25:49 EST">
  <testcase classname="com.orange.hrm.test.LoginTest" name="loginwithValidUserNameAndValidPassword" time="6.097"/>
  <testcase classname="com.orange.hrm.test.HomePageTest" name="logout" time="1.58"/>
  <testcase classname="com.orange.hrm.test.BaseTest" name="@BeforeSuite initDriver" time="0.0">
    <ignored/>
  </testcase> <!-- @BeforeSuite initDriver -->
</testsuite> <!-- Test -->
