<?xml version="1.0" encoding="UTF-8"?>
<!-- Generated by org.testng.reporters.JUnitXMLReporter -->
<testsuite ignored="0" hostname="SenthilPasupala" failures="0" tests="3" name="Test" time="14.204" errors="0" timestamp="2024-11-06T12:15:38 EST">
  <testcase classname="com.test.OrangeHRMTest" name="login" time="9.1"/>
  <testcase classname="com.test.OrangeHRMTest" name="testAdmin" time="3.74"/>
  <testcase classname="com.test.OrangeHRMTest" name="testlogout" time="1.27"/>
</testsuite> <!-- Test -->
