<?xml version="1.0" encoding="UTF-8"?>
<testng-results ignored="0" total="3" passed="3" failed="0" skipped="0">
  <reporter-output>
  </reporter-output>
  <suite started-at="2024-11-06T12:15:24 EST" name="Suite" finished-at="2024-11-06T12:15:38 EST" duration-ms="14204">
    <groups>
    </groups>
    <test started-at="2024-11-06T12:15:24 EST" name="Test" finished-at="2024-11-06T12:15:38 EST" duration-ms="14204">
      <class name="com.test.OrangeHRMTest">
        <test-method signature="login()[pri:1, instance:com.test.OrangeHRMTest@36916eb0]" started-at="2024-11-06T12:15:24 EST" name="login" finished-at="2024-11-06T12:15:33 EST" duration-ms="9100" status="PASS">
          <reporter-output>
          </reporter-output>
        </test-method> <!-- login -->
        <test-method signature="testAdmin()[pri:2, instance:com.test.OrangeHRMTest@36916eb0]" started-at="2024-11-06T12:15:33 EST" name="testAdmin" finished-at="2024-11-06T12:15:37 EST" duration-ms="3740" status="PASS">
          <reporter-output>
          </reporter-output>
        </test-method> <!-- testAdmin -->
        <test-method signature="testlogout()[pri:3, instance:com.test.OrangeHRMTest@36916eb0]" started-at="2024-11-06T12:15:37 EST" name="testlogout" finished-at="2024-11-06T12:15:38 EST" duration-ms="1270" status="PASS">
          <reporter-output>
          </reporter-output>
        </test-method> <!-- testlogout -->
      </class> <!-- com.test.OrangeHRMTest -->
    </test> <!-- Test -->
  </suite> <!-- Suite -->
</testng-results>
