<?xml version="1.0" encoding="UTF-8"?>
<testng-results ignored="0" total="2" passed="2" failed="0" skipped="0">
  <reporter-output>
  </reporter-output>
  <suite started-at="2024-11-12T13:25:40 EST" name="Suite" finished-at="2024-11-12T13:25:48 EST" duration-ms="7776">
    <groups>
    </groups>
    <test started-at="2024-11-12T13:25:40 EST" name="Test" finished-at="2024-11-12T13:25:48 EST" duration-ms="7776">
      <class name="com.orange.hrm.test.LoginTest">
        <test-method is-config="true" signature="initDriver()[pri:0, instance:com.orange.hrm.test.LoginTest@94f6bfb]" started-at="2024-11-12T13:25:39 EST" name="initDriver" finished-at="2024-11-12T13:25:40 EST" duration-ms="1734" status="PASS">
          <reporter-output>
          </reporter-output>
        </test-method> <!-- initDriver -->
        <test-method signature="loginwithValidUserNameAndValidPassword()[pri:0, instance:com.orange.hrm.test.LoginTest@94f6bfb]" started-at="2024-11-12T13:25:40 EST" name="loginwithValidUserNameAndValidPassword" finished-at="2024-11-12T13:25:47 EST" duration-ms="6097" status="PASS">
          <reporter-output>
          </reporter-output>
        </test-method> <!-- loginwithValidUserNameAndValidPassword -->
      </class> <!-- com.orange.hrm.test.LoginTest -->
      <class name="com.orange.hrm.test.HomePageTest">
        <test-method signature="logout()[pri:0, instance:com.orange.hrm.test.HomePageTest@7c22d4f]" started-at="2024-11-12T13:25:47 EST" name="logout" finished-at="2024-11-12T13:25:48 EST" duration-ms="1580" status="PASS">
          <reporter-output>
          </reporter-output>
        </test-method> <!-- logout -->
      </class> <!-- com.orange.hrm.test.HomePageTest -->
    </test> <!-- Test -->
  </suite> <!-- Suite -->
</testng-results>
